Divyansh Sharma

COMP 3002: Section 2

Assignment 5: Task 1

Current System Date
2018-03-28 15:09:40


Task 1, Q1. MGS Exercise 9-1 [5 points] 

price_format	discount_cast	discount_amount	month_day_added
699.00	30	209.70	10-30
1,199.00	30	359.70	12-05
2,517.00	52	1308.84	02-04
489.99	38	186.20	06-01
299.00	0	0.00	07-30
415.00	39	161.85	07-30
799.99	30	240.00	06-01
499.99	25	125.00	07-30
699.99	30	210.00	07-30
799.99	15	120.00	07-30


Task 1, Q2. MGS Exercise 9-2 [5 points]

order_date	order_year	order_date_formatted	order_time	order_datetime
2015-03-28 09:40:28	2015	Mar-28-2015	9:40 AM	03/28/15 09:40
2015-03-28 11:23:20	2015	Mar-28-2015	11:23 AM	03/28/15 11:23
2015-03-29 09:44:58	2015	Mar-29-2015	9:44 AM	03/29/15 09:44
2015-03-30 15:22:31	2015	Mar-30-2015	3:22 PM	03/30/15 15:22
2015-03-31 05:43:11	2015	Mar-31-2015	5:43 AM	03/31/15 05:43
2015-03-31 18:37:22	2015	Mar-31-2015	6:37 PM	03/31/15 18:37
2015-04-01 23:11:12	2015	Apr-01-2015	11:11 PM	04/01/15 23:11
2015-04-02 11:26:38	2015	Apr-02-2015	11:26 AM	04/02/15 11:26
2015-04-03 12:22:31	2015	Apr-03-2015	12:22 PM	04/03/15 12:22


Task 1, Q3. MGS Exercise 9-3 [5 points]

card_number	card_number_length	last_four_digits	formatted_number
4111111111111111	16	1111	XXXX-XXXX-XXXX-1111
4012888888881881	16	1881	XXXX-XXXX-XXXX-1881
4111111111111111	16	1111	XXXX-XXXX-XXXX-1111
378282246310005	15	0005	XXXX-XXXX-XXXX-0005
4111111111111111	16	1111	XXXX-XXXX-XXXX-1111
6011111111111117	16	1117	XXXX-XXXX-XXXX-1117
5555555555554444	16	4444	XXXX-XXXX-XXXX-4444
4012888888881881	16	1881	XXXX-XXXX-XXXX-1881
4111111111111111	16	1111	XXXX-XXXX-XXXX-1111


Task 1, Q4. MGS Exercise 9-4 [5 points]

