Divyansh Sharma

PROG2220: Section 2

Assignment 2: Task 2

Current System Date
2018-02-26 20:03:50
*** Task 2, Q1.  SWE Exercise 1[2 points]

Full_Name	c_city
Zhang,Brian	Altoona
Park,Janet	Chippewa Falls
Myers,Mark	Eau Claire
Hernandez,Sheila	Eau Claire
Carlson,Sarah	Eau Claire
Courtlandt,Paul	Eau Claire
*** Task 2, Q2.  SWE Exercise 2[2 points]

p_id	project_name
2	Hardware Support Interface
3	Hardware Support Database
6	Network Design
*** Task 2, Q3.  SWE Exercise 3[4 points]

p_id	project_name	parent_p_id
1	Hardware Support Intranet	NULL
2	Hardware Support Interface	1
3	Hardware Support Database	1
4	Teller Support System	NULL
5	Internet Advertising	NULL
6	Network Design	5
7	Exploration Database	NULL
*** Task 2, Q4.  SWE Exercise 4[3 points]

c_id	skill_id	certification
100	1	Y
103	1	Y
105	4	Y
100	6	Y
103	6	Y
102	7	Y
103	8	Y
103	9	Y
104	9	Y
*** Task 2, Q5.  SWE Exercise 5[4 points]

c_id	c_last	c_first	c_id	skill_id	certification
100	Myers	Mark	100	1	Y
103	Carlson	Sarah	103	1	Y
105	Park	Janet	105	4	Y
100	Myers	Mark	100	6	Y
103	Carlson	Sarah	103	6	Y
102	Zhang	Brian	102	7	Y
103	Carlson	Sarah	103	8	Y
103	Carlson	Sarah	103	9	Y
104	Courtlandt	Paul	104	9	Y
